<?xml version="1.0" encoding="UTF-8"?>
<testng-results ignored="0" total="2" passed="2" failed="0" skipped="0">
  <reporter-output>
  </reporter-output>
  <suite started-at="2023-07-25T18:45:10 IST" name="Default suite" finished-at="2023-07-25T18:47:38 IST" duration-ms="147955">
    <groups>
      <group name="cucumber">
        <method signature="AbstractTestNGCucumberTests.runScenario(io.cucumber.testng.PickleWrapper,io.cucumber.testng.FeatureWrapper)[pri:0, instance:runner.runnerclass@793f29ff]" name="runScenario" class="io.cucumber.testng.AbstractTestNGCucumberTests"/>
      </group> <!-- cucumber -->
    </groups>
    <test started-at="2023-07-25T18:45:10 IST" name="Default test" finished-at="2023-07-25T18:47:38 IST" duration-ms="147955">
      <class name="runner.runnerclass">
        <test-method is-config="true" signature="setUpClass(org.testng.ITestContext)[pri:0, instance:runner.runnerclass@793f29ff]" started-at="2023-07-25T18:45:10 IST" name="setUpClass" finished-at="2023-07-25T18:45:19 IST" duration-ms="8917" status="PASS">
          <params>
            <param index="0">
              <value>
                <![CDATA[org.testng.TestRunner@214fba74]]>
              </value>
            </param>
          </params>
          <reporter-output>
          </reporter-output>
        </test-method> <!-- setUpClass -->
        <test-method signature="runScenario(io.cucumber.testng.PickleWrapper,io.cucumber.testng.FeatureWrapper)[pri:0, instance:runner.runnerclass@793f29ff]" started-at="2023-07-25T18:45:19 IST" name="runScenario" description="Runs Cucumber Scenarios" data-provider="scenarios" finished-at="2023-07-25T18:46:15 IST" duration-ms="55726" status="PASS">
          <params>
            <param index="0">
              <value>
                <![CDATA["User should should enter the valid amount"]]>
              </value>
            </param>
            <param index="1">
              <value>
                <![CDATA["Optional[Payment-To_System]"]]>
              </value>
            </param>
          </params>
          <reporter-output>
          </reporter-output>
        </test-method> <!-- runScenario -->
        <test-method signature="runScenario(io.cucumber.testng.PickleWrapper,io.cucumber.testng.FeatureWrapper)[pri:0, instance:runner.runnerclass@793f29ff]" started-at="2023-07-25T18:46:15 IST" name="runScenario" description="Runs Cucumber Scenarios" data-provider="scenarios" finished-at="2023-07-25T18:47:25 IST" duration-ms="70306" status="PASS">
          <params>
            <param index="0">
              <value>
                <![CDATA["User should should enter the invalid amount"]]>
              </value>
            </param>
            <param index="1">
              <value>
                <![CDATA["Optional[Payment-To_System]"]]>
              </value>
            </param>
          </params>
          <reporter-output>
          </reporter-output>
        </test-method> <!-- runScenario -->
        <test-method is-config="true" signature="tearDownClass()[pri:0, instance:runner.runnerclass@793f29ff]" started-at="2023-07-25T18:47:25 IST" name="tearDownClass" finished-at="2023-07-25T18:47:38 IST" duration-ms="12922" status="PASS">
          <reporter-output>
          </reporter-output>
        </test-method> <!-- tearDownClass -->
      </class> <!-- runner.runnerclass -->
    </test> <!-- Default test -->
  </suite> <!-- Default suite -->
</testng-results>
